\BOOKMARK [1][-]{Section.0.Introduction.1}{Introduction}{}
\BOOKMARK [1][-]{Section.1.Basic majorization theory.1}{Basic majorization theory}{}
\BOOKMARK [1][-]{Section.2.Basic SMACOF methodology.1}{Basic SMACOF methodology}{}
\BOOKMARK [2][-]{Subsection.3.0.Simple SMACOF for symmetric dissimilarity matrices.2}{Simple SMACOF for symmetric dissimilarity matrices}{Section.2.Basic SMACOF methodology.1}
\BOOKMARK [2][-]{Subsection.3.1.SMACOF with restrictions on the configurations.2}{SMACOF with restrictions on the configurations}{Section.2.Basic SMACOF methodology.1}
\BOOKMARK [2][-]{Subsection.3.2.SMACOF for individual differences.2}{SMACOF for individual differences}{Section.2.Basic SMACOF methodology.1}
\BOOKMARK [2][-]{Subsection.3.3.SMACOF for rectangular dissimilarity matrices.2}{SMACOF for rectangular dissimilarity matrices}{Section.2.Basic SMACOF methodology.1}
\BOOKMARK [1][-]{Section.3.Nonmetric SMACOF variants.1}{Nonmetric SMACOF variants}{}
\BOOKMARK [1][-]{Section.4.Extended SMACOF: Quadratic surfaces.1}{Extended SMACOF: Quadratic surfaces}{}
\BOOKMARK [2][-]{Subsection.5.0.Basic formulations for MDS-Q.2}{Basic formulations for MDS-Q}{Section.4.Extended SMACOF: Quadratic surfaces.1}
\BOOKMARK [2][-]{Subsection.5.1.Geodesic distances on quadratic surfaces.2}{Geodesic distances on quadratic surfaces}{Section.4.Extended SMACOF: Quadratic surfaces.1}
\BOOKMARK [2][-]{Subsection.5.2.Primal methods for MDS-Q.2}{Primal methods for MDS-Q}{Section.4.Extended SMACOF: Quadratic surfaces.1}
\BOOKMARK [2][-]{Subsection.5.3.Dual methods: CMDA.2}{Dual methods: CMDA}{Section.4.Extended SMACOF: Quadratic surfaces.1}
\BOOKMARK [1][-]{Section.5.The R package smacof.1}{The R package smacof}{}
\BOOKMARK [2][-]{Subsection.6.0.SMACOF for Ekman's color data.2}{SMACOF for Ekman's color data}{Section.5.The R package smacof.1}
\BOOKMARK [2][-]{Subsection.6.1.Breakfast rating for rectangular SMACOF.2}{Breakfast rating for rectangular SMACOF}{Section.5.The R package smacof.1}
\BOOKMARK [2][-]{Subsection.6.2.Three-way SMACOF based on bread ratings.2}{Three-way SMACOF based on bread ratings}{Section.5.The R package smacof.1}
\BOOKMARK [2][-]{Subsection.6.3.Constrained SMACOF on kinship data.2}{Constrained SMACOF on kinship data}{Section.5.The R package smacof.1}
\BOOKMARK [2][-]{Subsection.6.4.3D spherical SMACOF.2}{3D spherical SMACOF}{Section.5.The R package smacof.1}
\BOOKMARK [1][-]{Section.6.Discussion.1}{Discussion}{}
